2025-01-19 18:31:49.282 | INFO     | __main__:<module>:38 - Logging to file: logs\project_log.log
2025-01-19 18:31:49.282 | INFO     | __main__:main:60 - STARTING utils_logger.py
2025-01-19 18:31:49.282 | INFO     | __main__:log_example:51 - This is an example info message.
2025-01-19 18:31:49.282 | WARNING  | __main__:log_example:52 - This is an example warning message.
2025-01-19 18:31:49.282 | ERROR    | __main__:log_example:53 - This is an example error message.
2025-01-19 18:31:49.282 | INFO     | __main__:main:65 - View the log output at logs\project_log.log
2025-01-19 18:31:49.288 | INFO     | __main__:main:66 - EXITING utils_logger.py.
2025-01-19 18:38:25.105 | INFO     | __main__:<module>:38 - Logging to file: logs\project_log.log
2025-01-19 18:38:25.105 | INFO     | __main__:main:60 - STARTING utils_logger.py
2025-01-19 18:38:25.105 | INFO     | __main__:log_example:51 - This is an example info message.
2025-01-19 18:38:25.105 | WARNING  | __main__:log_example:52 - This is an example warning message.
2025-01-19 18:38:25.105 | ERROR    | __main__:log_example:53 - This is an example error message.
2025-01-19 18:38:25.105 | INFO     | __main__:main:65 - View the log output at logs\project_log.log
2025-01-19 18:38:25.105 | INFO     | __main__:main:66 - EXITING utils_logger.py.
2025-01-19 18:47:01.454 | INFO     | utils.utils_logger:<module>:38 - Logging to file: logs\project_log.log
2025-01-19 18:47:01.454 | INFO     | __main__:main:72 - START...
2025-01-19 18:47:01.454 | INFO     | __main__:main:78 - Reading file located at logs\project_log.log.
2025-01-19 18:47:42.855 | INFO     | __main__:main:89 - END.....
2025-01-19 18:48:17.182 | INFO     | utils.utils_logger:<module>:38 - Logging to file: logs\project_log.log
2025-01-19 18:48:17.185 | INFO     | __main__:main:107 - START producer...
2025-01-19 18:48:17.185 | INFO     | __main__:main:108 - Hit CTRL c (or CMD c) to close.
2025-01-19 18:48:17.185 | INFO     | __main__:get_message_interval:54 - Messages will be sent every 3 seconds.
2025-01-19 18:48:17.187 | INFO     | __main__:main:115 - I just shared a trick! It was exciting.
2025-01-19 18:48:20.188 | INFO     | __main__:main:115 - I just loved a movie! It was exciting.
2025-01-19 18:48:23.190 | INFO     | __main__:main:115 - I just loved a meme! It was amazing.
2025-01-19 18:48:26.192 | INFO     | __main__:main:115 - I just tried a movie! It was weird.
2025-01-19 18:48:29.194 | INFO     | __main__:main:115 - I just saw a story! It was boring.
2025-01-19 18:48:32.197 | INFO     | __main__:main:115 - I just loved a trick! It was exciting.
2025-01-19 18:48:35.199 | INFO     | __main__:main:115 - I just saw a trick! It was boring.
2025-01-19 18:48:38.201 | INFO     | __main__:main:115 - I just shared a meme! It was exciting.
2025-01-19 18:48:41.203 | INFO     | __main__:main:115 - I just shared a trick! It was boring.
2025-01-19 18:48:44.204 | INFO     | __main__:main:115 - I just found a story! It was boring.
2025-01-19 18:48:47.206 | INFO     | __main__:main:115 - I just shared a meme! It was funny.
2025-01-19 18:48:50.208 | INFO     | __main__:main:115 - I just found a trick! It was amazing.
2025-01-19 18:48:53.210 | INFO     | __main__:main:115 - I just found a story! It was weird.
2025-01-19 18:48:56.212 | INFO     | __main__:main:115 - I just tried a meme! It was funny.
2025-01-19 18:48:59.214 | INFO     | __main__:main:115 - I just tried a trick! It was weird.
2025-01-19 18:49:02.217 | INFO     | __main__:main:115 - I just shared a movie! It was funny.
2025-01-19 18:49:05.219 | INFO     | __main__:main:115 - I just loved a movie! It was funny.
2025-01-19 18:49:08.221 | INFO     | __main__:main:115 - I just tried an app! It was exciting.
2025-01-19 18:49:11.224 | INFO     | __main__:main:115 - I just loved a meme! It was funny.
2025-01-19 18:49:14.226 | INFO     | __main__:main:115 - I just loved a trick! It was exciting.
2025-01-19 18:49:17.227 | INFO     | __main__:main:115 - I just tried an app! It was exciting.
2025-01-19 18:49:20.230 | INFO     | __main__:main:115 - I just tried a trick! It was exciting.
2025-01-19 18:49:23.232 | INFO     | __main__:main:115 - I just shared a meme! It was exciting.
2025-01-19 18:49:26.234 | INFO     | __main__:main:115 - I just saw a story! It was funny.
2025-01-19 18:49:29.236 | INFO     | __main__:main:115 - I just saw a story! It was boring.
2025-01-19 18:49:32.238 | INFO     | __main__:main:115 - I just tried a trick! It was weird.
2025-01-19 18:52:05.050 | INFO     | utils.utils_logger:<module>:38 - Logging to file: logs\project_log.log
2025-01-19 18:52:05.050 | INFO     | __main__:main:72 - START...
2025-01-19 18:52:05.050 | INFO     | __main__:main:78 - Reading file located at logs\project_log.log.
2025-01-19 18:52:30.396 | INFO     | __main__:main:89 - END.....
2025-01-19 18:52:30.986 | INFO     | __main__:<module>:38 - Logging to file: logs\project_log.log
2025-01-19 18:52:30.986 | INFO     | __main__:main:60 - STARTING utils_logger.py
2025-01-19 18:52:30.986 | INFO     | __main__:log_example:51 - This is an example info message.
2025-01-19 18:52:30.986 | WARNING  | __main__:log_example:52 - This is an example warning message.
2025-01-19 18:52:30.986 | ERROR    | __main__:log_example:53 - This is an example error message.
2025-01-19 18:52:30.986 | INFO     | __main__:main:65 - View the log output at logs\project_log.log
2025-01-19 18:52:30.986 | INFO     | __main__:main:66 - EXITING utils_logger.py.
2025-01-19 18:52:52.387 | INFO     | utils.utils_logger:<module>:38 - Logging to file: logs\project_log.log
2025-01-19 18:52:52.387 | INFO     | __main__:main:72 - START...
2025-01-19 18:52:52.387 | INFO     | __main__:main:78 - Reading file located at logs\project_log.log.
2025-01-19 18:53:57.094 | INFO     | __main__:main:89 - END.....
2025-01-19 18:53:57.598 | INFO     | utils.utils_logger:<module>:38 - Logging to file: logs\project_log.log
2025-01-19 18:53:57.598 | INFO     | __main__:main:107 - START producer...
2025-01-19 18:53:57.598 | INFO     | __main__:main:108 - Hit CTRL c (or CMD c) to close.
2025-01-19 18:53:57.598 | INFO     | __main__:get_message_interval:54 - Messages will be sent every 3 seconds.
2025-01-19 18:53:57.598 | INFO     | __main__:main:115 - I just saw a trick! It was exciting.
2025-01-19 18:54:00.606 | INFO     | __main__:main:115 - I just found a trick! It was exciting.
2025-01-19 18:54:03.609 | INFO     | __main__:main:115 - I just saw a story! It was weird.
2025-01-19 18:54:06.610 | INFO     | __main__:main:115 - I just shared a story! It was amazing.
2025-01-19 18:54:09.612 | INFO     | __main__:main:115 - I just shared a movie! It was exciting.
2025-01-19 18:54:12.613 | INFO     | __main__:main:115 - I just tried a story! It was weird.
2025-01-19 18:54:15.615 | INFO     | __main__:main:115 - I just saw a story! It was funny.
2025-01-19 18:54:18.617 | INFO     | __main__:main:115 - I just loved a trick! It was exciting.
2025-01-19 18:54:21.620 | INFO     | __main__:main:115 - I just tried a meme! It was boring.
2025-01-19 18:54:24.622 | INFO     | __main__:main:115 - I just loved an app! It was amazing.
2025-01-19 18:54:27.623 | INFO     | __main__:main:115 - I just shared a trick! It was boring.
2025-01-19 18:54:30.624 | INFO     | __main__:main:115 - I just found a trick! It was exciting.
2025-01-19 18:54:33.625 | INFO     | __main__:main:115 - I just found a story! It was funny.
2025-01-19 18:54:36.627 | INFO     | __main__:main:115 - I just loved a story! It was exciting.
2025-01-19 18:54:39.629 | INFO     | __main__:main:115 - I just shared an app! It was boring.
2025-01-19 18:54:42.629 | INFO     | __main__:main:115 - I just found a story! It was exciting.
2025-01-19 18:54:45.630 | INFO     | __main__:main:115 - I just tried a trick! It was amazing.
2025-01-19 18:54:48.632 | INFO     | __main__:main:115 - I just saw an app! It was funny.
2025-01-19 18:54:51.634 | INFO     | __main__:main:115 - I just saw a trick! It was boring.
2025-01-19 18:54:54.635 | INFO     | __main__:main:115 - I just found a movie! It was boring.
2025-01-19 18:54:57.637 | INFO     | __main__:main:115 - I just shared a movie! It was amazing.
2025-01-19 18:55:00.639 | INFO     | __main__:main:115 - I just shared a meme! It was weird.
2025-01-19 18:55:03.642 | INFO     | __main__:main:115 - I just found a story! It was amazing.
2025-01-19 18:55:06.644 | INFO     | __main__:main:115 - I just found a story! It was exciting.
2025-01-19 18:55:09.646 | INFO     | __main__:main:115 - I just found a story! It was weird.
2025-01-19 18:55:12.648 | INFO     | __main__:main:115 - I just tried a trick! It was funny.
2025-01-19 18:55:15.650 | INFO     | __main__:main:115 - I just tried a meme! It was amazing.
2025-01-19 18:55:18.651 | INFO     | __main__:main:115 - I just loved a story! It was boring.
2025-01-19 18:55:41.681 | INFO     | utils.utils_logger:<module>:38 - Logging to file: logs\project_log.log
2025-01-19 18:55:41.681 | INFO     | __main__:main:72 - START...
2025-01-19 18:55:41.681 | INFO     | __main__:main:78 - Reading file located at logs\project_log.log.
2025-01-19 18:56:23.626 | INFO     | __main__:main:89 - END.....
2025-01-19 18:56:24.147 | INFO     | utils.utils_logger:<module>:38 - Logging to file: logs\project_log.log
2025-01-19 18:56:24.152 | INFO     | __main__:main:107 - START producer...
2025-01-19 18:56:24.153 | INFO     | __main__:main:108 - Hit CTRL c (or CMD c) to close.
2025-01-19 18:56:24.153 | INFO     | __main__:get_message_interval:54 - Messages will be sent every 3 seconds.
2025-01-19 18:56:24.154 | INFO     | __main__:main:115 - I just loved a movie! It was boring.
2025-01-19 18:56:27.156 | INFO     | __main__:main:115 - I just loved a movie! It was exciting.
2025-01-19 18:56:30.158 | INFO     | __main__:main:115 - I just shared a trick! It was boring.
2025-01-19 18:56:33.161 | INFO     | __main__:main:115 - I just tried a movie! It was boring.
2025-01-19 18:56:36.163 | INFO     | __main__:main:115 - I just shared a story! It was amazing.
2025-01-19 18:56:39.165 | INFO     | __main__:main:115 - I just loved a movie! It was weird.
2025-01-19 18:56:42.167 | INFO     | __main__:main:115 - I just found a trick! It was amazing.
2025-01-19 18:56:45.169 | INFO     | __main__:main:115 - I just found a meme! It was amazing.
2025-01-19 18:56:48.171 | INFO     | __main__:main:115 - I just found an app! It was boring.
2025-01-19 18:56:51.173 | INFO     | __main__:main:115 - I just found a meme! It was weird.
2025-01-19 18:56:54.174 | INFO     | __main__:main:115 - I just tried a trick! It was amazing.
2025-01-19 18:56:57.177 | INFO     | __main__:main:115 - I just saw a story! It was exciting.
2025-01-19 18:57:00.179 | INFO     | __main__:main:115 - I just saw a story! It was amazing.
2025-01-19 18:57:03.181 | INFO     | __main__:main:115 - I just shared a movie! It was exciting.
2025-01-19 18:57:06.182 | INFO     | __main__:main:115 - I just shared a meme! It was funny.
2025-01-19 18:57:09.184 | INFO     | __main__:main:115 - I just loved a movie! It was exciting.
2025-01-19 18:57:12.186 | INFO     | __main__:main:115 - I just shared a story! It was exciting.
2025-01-19 18:57:15.189 | INFO     | __main__:main:115 - I just found a story! It was boring.
2025-01-19 18:57:18.191 | INFO     | __main__:main:115 - I just loved a movie! It was exciting.
2025-01-19 18:57:21.193 | INFO     | __main__:main:115 - I just found an app! It was boring.
2025-01-19 18:57:24.195 | INFO     | __main__:main:115 - I just shared a meme! It was exciting.
2025-01-19 18:57:27.197 | INFO     | __main__:main:115 - I just shared a meme! It was weird.
2025-01-19 18:57:30.199 | INFO     | __main__:main:115 - I just saw a story! It was boring.
2025-01-19 19:17:46.913 | INFO     | utils.utils_logger:<module>:38 - Logging to file: logs\project_log.log
2025-01-19 19:17:46.913 | INFO     | __main__:main:72 - START...
2025-01-19 19:17:46.913 | INFO     | __main__:main:78 - Reading file located at logs\project_log.log.
2025-01-19 19:18:20.841 | INFO     | utils.utils_logger:<module>:38 - Logging to file: logs\project_log.log
2025-01-19 19:18:20.845 | INFO     | __main__:main:107 - START producer...
2025-01-19 19:18:20.845 | INFO     | __main__:main:108 - Hit CTRL c (or CMD c) to close.
2025-01-19 19:18:20.845 | INFO     | __main__:get_message_interval:54 - Messages will be sent every 3 seconds.
2025-01-19 19:18:20.845 | INFO     | __main__:main:115 - I just saw a movie! It was boring.
2025-01-19 19:18:23.849 | INFO     | __main__:main:115 - I just saw a movie! It was exciting.
2025-01-19 19:18:26.851 | INFO     | __main__:main:115 - I just loved an app! It was boring.
2025-01-19 19:18:29.852 | INFO     | __main__:main:115 - I just loved a trick! It was boring.
2025-01-19 19:18:32.853 | INFO     | __main__:main:115 - I just tried a meme! It was amazing.
2025-01-19 19:18:35.854 | INFO     | __main__:main:115 - I just tried a story! It was amazing.
2025-01-19 19:18:38.856 | INFO     | __main__:main:115 - I just loved a movie! It was amazing.
2025-01-19 19:18:41.858 | INFO     | __main__:main:115 - I just shared an app! It was boring.
2025-01-19 19:18:44.860 | INFO     | __main__:main:115 - I just shared a meme! It was weird.
2025-01-19 19:18:47.862 | INFO     | __main__:main:115 - I just loved a movie! It was amazing.
2025-01-19 19:18:50.865 | INFO     | __main__:main:115 - I just saw a meme! It was boring.
2025-01-19 19:18:53.867 | INFO     | __main__:main:115 - I just shared a meme! It was exciting.
2025-01-19 19:18:56.869 | INFO     | __main__:main:115 - I just loved a trick! It was exciting.
2025-01-19 19:18:59.871 | INFO     | __main__:main:115 - I just found a meme! It was funny.
2025-01-19 19:19:02.873 | INFO     | __main__:main:115 - I just loved a trick! It was boring.
2025-01-19 19:19:05.876 | INFO     | __main__:main:115 - I just saw a story! It was funny.
2025-01-19 19:19:08.878 | INFO     | __main__:main:115 - I just tried a meme! It was amazing.
2025-01-19 19:19:11.881 | INFO     | __main__:main:115 - I just loved a meme! It was amazing.
2025-01-19 19:19:14.882 | INFO     | __main__:main:115 - I just found a trick! It was boring.
2025-01-19 19:19:17.884 | INFO     | __main__:main:115 - I just saw a trick! It was boring.
2025-01-19 19:19:20.887 | INFO     | __main__:main:115 - I just tried a trick! It was weird.
2025-01-19 19:19:23.889 | INFO     | __main__:main:115 - I just tried a story! It was funny.
2025-01-19 19:19:26.891 | INFO     | __main__:main:115 - I just found a story! It was amazing.
2025-01-19 19:19:29.894 | INFO     | __main__:main:115 - I just saw a movie! It was boring.
2025-01-19 19:19:32.896 | INFO     | __main__:main:115 - I just tried a meme! It was exciting.
2025-01-19 19:19:35.898 | INFO     | __main__:main:115 - I just found a movie! It was funny.
2025-01-19 19:19:38.901 | INFO     | __main__:main:115 - I just tried a meme! It was weird.
2025-01-19 19:19:41.903 | INFO     | __main__:main:115 - I just shared a story! It was weird.
2025-01-19 19:19:44.905 | INFO     | __main__:main:115 - I just loved a movie! It was boring.
2025-01-19 19:19:47.907 | INFO     | __main__:main:115 - I just found a meme! It was funny.
2025-01-19 19:19:50.909 | INFO     | __main__:main:115 - I just saw a trick! It was boring.
2025-01-19 19:19:53.911 | INFO     | __main__:main:115 - I just tried a movie! It was boring.
2025-01-19 19:19:56.913 | INFO     | __main__:main:115 - I just loved an app! It was amazing.
2025-01-19 19:19:59.915 | INFO     | __main__:main:115 - I just loved a story! It was boring.
2025-01-19 19:20:02.917 | INFO     | __main__:main:115 - I just shared a movie! It was weird.
2025-01-19 19:20:05.919 | INFO     | __main__:main:115 - I just shared a meme! It was exciting.
2025-01-19 19:20:08.921 | INFO     | __main__:main:115 - I just saw a meme! It was funny.
2025-01-19 19:20:11.923 | INFO     | __main__:main:115 - I just found a trick! It was amazing.
2025-01-19 19:20:14.925 | INFO     | __main__:main:115 - I just found a movie! It was exciting.
2025-01-19 19:20:17.928 | INFO     | __main__:main:115 - I just shared a meme! It was boring.
2025-01-19 19:20:20.930 | INFO     | __main__:main:115 - I just saw a movie! It was exciting.
2025-01-19 19:20:23.932 | INFO     | __main__:main:115 - I just tried a story! It was amazing.
2025-01-19 19:20:26.935 | INFO     | __main__:main:115 - I just found a trick! It was funny.
2025-01-19 19:20:29.937 | INFO     | __main__:main:115 - I just tried an app! It was boring.
2025-01-19 19:20:32.940 | INFO     | __main__:main:115 - I just tried a meme! It was exciting.
2025-01-19 19:20:35.942 | INFO     | __main__:main:115 - I just found a meme! It was boring.
2025-01-19 19:20:38.944 | INFO     | __main__:main:115 - I just saw a trick! It was boring.
2025-01-19 19:20:41.946 | INFO     | __main__:main:115 - I just tried a trick! It was exciting.
2025-01-19 19:20:44.948 | INFO     | __main__:main:115 - I just saw a trick! It was exciting.
2025-01-19 19:20:47.950 | INFO     | __main__:main:115 - I just found a meme! It was exciting.
2025-01-19 19:20:50.952 | INFO     | __main__:main:115 - I just found a movie! It was amazing.
2025-01-19 19:20:53.955 | INFO     | __main__:main:115 - I just loved a story! It was amazing.
2025-01-19 19:20:56.957 | INFO     | __main__:main:115 - I just found an app! It was boring.
2025-01-19 19:20:59.958 | INFO     | __main__:main:115 - I just found a meme! It was amazing.
2025-01-19 19:21:02.960 | INFO     | __main__:main:115 - I just shared a trick! It was amazing.
2025-01-19 19:21:05.962 | INFO     | __main__:main:115 - I just saw an app! It was exciting.
2025-01-19 19:21:08.964 | INFO     | __main__:main:115 - I just tried a meme! It was weird.
2025-01-19 19:21:11.967 | INFO     | __main__:main:115 - I just found a movie! It was exciting.
2025-01-19 19:21:14.969 | INFO     | __main__:main:115 - I just loved an app! It was amazing.
2025-01-19 19:21:17.971 | INFO     | __main__:main:115 - I just found an app! It was funny.
2025-01-19 19:21:20.973 | INFO     | __main__:main:115 - I just saw a movie! It was weird.
2025-01-19 19:21:23.975 | INFO     | __main__:main:115 - I just found a story! It was boring.
2025-01-19 19:21:26.977 | INFO     | __main__:main:115 - I just saw a movie! It was exciting.
2025-01-19 19:21:29.978 | INFO     | __main__:main:115 - I just loved a trick! It was exciting.
2025-01-19 19:21:32.980 | INFO     | __main__:main:115 - I just loved a story! It was boring.
2025-01-19 19:21:35.982 | INFO     | __main__:main:115 - I just saw a movie! It was weird.
2025-01-19 19:21:38.984 | INFO     | __main__:main:115 - I just tried a trick! It was exciting.
2025-01-19 19:21:41.986 | INFO     | __main__:main:115 - I just shared a trick! It was boring.
2025-01-19 19:21:44.988 | INFO     | __main__:main:115 - I just found a movie! It was weird.
2025-01-19 19:21:47.990 | INFO     | __main__:main:115 - I just found an app! It was exciting.
2025-01-19 19:21:50.992 | INFO     | __main__:main:115 - I just saw an app! It was exciting.
2025-01-19 19:21:53.994 | INFO     | __main__:main:115 - I just found a meme! It was amazing.
2025-01-19 19:21:56.996 | INFO     | __main__:main:115 - I just found a story! It was funny.
2025-01-19 19:21:59.998 | INFO     | __main__:main:115 - I just tried a movie! It was weird.
2025-01-19 19:22:03.000 | INFO     | __main__:main:115 - I just shared a story! It was weird.
2025-01-19 19:22:06.001 | INFO     | __main__:main:115 - I just found a movie! It was amazing.
2025-01-19 19:22:09.002 | INFO     | __main__:main:115 - I just loved an app! It was amazing.
2025-01-19 19:22:12.005 | INFO     | __main__:main:115 - I just saw a story! It was funny.
2025-01-19 19:22:15.006 | INFO     | __main__:main:115 - I just loved a movie! It was funny.
2025-01-19 19:22:18.008 | INFO     | __main__:main:115 - I just saw a meme! It was amazing.
2025-01-19 19:22:21.011 | INFO     | __main__:main:115 - I just tried a trick! It was boring.
2025-01-19 19:22:24.013 | INFO     | __main__:main:115 - I just saw a meme! It was funny.
2025-01-19 19:22:27.016 | INFO     | __main__:main:115 - I just tried a meme! It was amazing.
2025-01-19 19:22:30.018 | INFO     | __main__:main:115 - I just tried a meme! It was amazing.
2025-01-19 19:22:33.019 | INFO     | __main__:main:115 - I just loved a movie! It was amazing.
2025-01-19 19:22:36.022 | INFO     | __main__:main:115 - I just tried a movie! It was boring.
2025-01-19 19:22:39.023 | INFO     | __main__:main:115 - I just tried a trick! It was exciting.
2025-01-19 19:22:42.025 | INFO     | __main__:main:115 - I just loved a story! It was funny.
2025-01-19 19:22:45.026 | INFO     | __main__:main:115 - I just found an app! It was weird.
2025-01-19 19:22:48.029 | INFO     | __main__:main:115 - I just found a trick! It was weird.
2025-01-19 19:22:51.031 | INFO     | __main__:main:115 - I just tried a trick! It was funny.
2025-01-19 19:22:54.033 | INFO     | __main__:main:115 - I just loved a story! It was funny.
2025-01-19 19:22:57.035 | INFO     | __main__:main:115 - I just shared a trick! It was weird.
2025-01-19 19:23:00.037 | INFO     | __main__:main:115 - I just found a movie! It was weird.
2025-01-19 19:23:03.038 | INFO     | __main__:main:115 - I just saw a trick! It was exciting.
2025-01-19 19:23:06.041 | INFO     | __main__:main:115 - I just loved a trick! It was funny.
2025-01-19 19:23:09.043 | INFO     | __main__:main:115 - I just saw a movie! It was exciting.
2025-01-19 19:23:12.044 | INFO     | __main__:main:115 - I just loved a meme! It was weird.
2025-01-19 19:23:15.047 | INFO     | __main__:main:115 - I just shared a movie! It was amazing.
2025-01-19 19:23:18.050 | INFO     | __main__:main:115 - I just shared a movie! It was amazing.
2025-01-19 19:23:21.052 | INFO     | __main__:main:115 - I just shared an app! It was funny.
2025-01-19 19:23:24.055 | INFO     | __main__:main:115 - I just shared a story! It was exciting.
2025-01-19 19:23:27.057 | INFO     | __main__:main:115 - I just shared a story! It was funny.
2025-01-19 19:23:30.058 | INFO     | __main__:main:115 - I just shared a story! It was boring.
2025-01-19 19:23:33.060 | INFO     | __main__:main:115 - I just saw a movie! It was boring.
2025-01-19 19:23:36.061 | INFO     | __main__:main:115 - I just loved an app! It was amazing.
2025-01-19 19:23:39.063 | INFO     | __main__:main:115 - I just found a meme! It was amazing.
2025-01-19 19:23:42.065 | INFO     | __main__:main:115 - I just loved a meme! It was amazing.
2025-01-19 19:23:45.068 | INFO     | __main__:main:115 - I just tried a meme! It was funny.
2025-01-19 19:23:48.069 | INFO     | __main__:main:115 - I just loved a meme! It was exciting.
2025-01-19 19:23:51.070 | INFO     | __main__:main:115 - I just saw a story! It was amazing.
2025-01-19 19:23:54.072 | INFO     | __main__:main:115 - I just loved a movie! It was weird.
2025-01-19 19:23:57.074 | INFO     | __main__:main:115 - I just shared a movie! It was amazing.
2025-01-19 19:24:00.077 | INFO     | __main__:main:115 - I just loved a movie! It was amazing.
2025-01-19 19:24:03.078 | INFO     | __main__:main:115 - I just loved a movie! It was boring.
2025-01-19 19:24:06.080 | INFO     | __main__:main:115 - I just loved a story! It was amazing.
2025-01-19 19:24:09.082 | INFO     | __main__:main:115 - I just saw a meme! It was funny.
2025-01-19 19:24:12.084 | INFO     | __main__:main:115 - I just loved an app! It was weird.
2025-01-19 19:24:15.086 | INFO     | __main__:main:115 - I just found a trick! It was weird.
2025-01-19 19:24:18.088 | INFO     | __main__:main:115 - I just tried a movie! It was amazing.
2025-01-19 19:24:21.090 | INFO     | __main__:main:115 - I just tried an app! It was amazing.
2025-01-19 19:24:24.092 | INFO     | __main__:main:115 - I just found a trick! It was weird.
2025-01-19 19:24:27.094 | INFO     | __main__:main:115 - I just found a movie! It was amazing.
2025-01-19 19:24:30.096 | INFO     | __main__:main:115 - I just saw a movie! It was exciting.
2025-01-19 19:24:33.098 | INFO     | __main__:main:115 - I just tried a meme! It was exciting.
2025-01-19 19:24:36.101 | INFO     | __main__:main:115 - I just shared a meme! It was exciting.
2025-01-19 19:24:39.104 | INFO     | __main__:main:115 - I just tried a trick! It was amazing.
2025-01-19 19:24:42.105 | INFO     | __main__:main:115 - I just loved a meme! It was boring.
2025-01-19 19:24:45.107 | INFO     | __main__:main:115 - I just shared a trick! It was funny.
2025-01-19 19:24:48.109 | INFO     | __main__:main:115 - I just saw a trick! It was amazing.
2025-01-19 19:24:51.111 | INFO     | __main__:main:115 - I just tried an app! It was weird.
2025-01-19 19:24:54.112 | INFO     | __main__:main:115 - I just loved a story! It was amazing.
2025-01-19 19:24:57.114 | INFO     | __main__:main:115 - I just loved a meme! It was amazing.
2025-01-19 19:25:00.116 | INFO     | __main__:main:115 - I just found a story! It was exciting.
2025-01-19 19:25:03.118 | INFO     | __main__:main:115 - I just saw a movie! It was funny.
2025-01-19 19:25:06.119 | INFO     | __main__:main:115 - I just loved a meme! It was amazing.
2025-01-19 19:25:09.121 | INFO     | __main__:main:115 - I just loved a trick! It was boring.
2025-01-19 19:25:12.122 | INFO     | __main__:main:115 - I just found a story! It was weird.
2025-01-19 19:25:15.125 | INFO     | __main__:main:115 - I just loved a trick! It was weird.
2025-01-19 19:25:18.127 | INFO     | __main__:main:115 - I just tried an app! It was weird.
2025-01-19 19:25:21.129 | INFO     | __main__:main:115 - I just loved a movie! It was weird.
2025-01-19 19:25:24.131 | INFO     | __main__:main:115 - I just loved a trick! It was weird.
2025-01-19 19:25:27.132 | INFO     | __main__:main:115 - I just loved a trick! It was funny.
2025-01-19 19:25:30.134 | INFO     | __main__:main:115 - I just tried a meme! It was exciting.
2025-01-19 19:25:33.137 | INFO     | __main__:main:115 - I just saw a meme! It was boring.
2025-01-19 19:25:36.139 | INFO     | __main__:main:115 - I just saw a trick! It was weird.
2025-01-19 19:25:39.140 | INFO     | __main__:main:115 - I just loved a trick! It was boring.
2025-01-19 19:25:42.142 | INFO     | __main__:main:115 - I just shared a story! It was amazing.
2025-01-19 19:25:45.144 | INFO     | __main__:main:115 - I just found an app! It was funny.
2025-01-19 19:25:48.148 | INFO     | __main__:main:115 - I just saw a story! It was weird.
2025-01-19 19:25:51.150 | INFO     | __main__:main:115 - I just loved a meme! It was boring.
2025-01-19 19:25:54.152 | INFO     | __main__:main:115 - I just shared a movie! It was exciting.
2025-01-19 19:25:57.154 | INFO     | __main__:main:115 - I just saw an app! It was amazing.
2025-01-19 19:26:00.156 | INFO     | __main__:main:115 - I just tried a trick! It was amazing.
2025-01-19 19:26:03.157 | INFO     | __main__:main:115 - I just found a movie! It was exciting.
2025-01-19 19:26:06.159 | INFO     | __main__:main:115 - I just loved a story! It was amazing.
2025-01-19 19:26:09.161 | INFO     | __main__:main:115 - I just shared a meme! It was amazing.
2025-01-19 19:26:12.163 | INFO     | __main__:main:115 - I just shared an app! It was amazing.
2025-01-19 19:26:15.165 | INFO     | __main__:main:115 - I just loved a trick! It was weird.
2025-01-19 19:26:18.167 | INFO     | __main__:main:115 - I just shared a meme! It was exciting.
2025-01-19 19:26:21.169 | INFO     | __main__:main:115 - I just found a story! It was weird.
2025-01-19 19:26:24.171 | INFO     | __main__:main:115 - I just found a story! It was weird.
2025-01-19 19:26:27.174 | INFO     | __main__:main:115 - I just loved a story! It was weird.
2025-01-19 19:26:30.175 | INFO     | __main__:main:115 - I just shared a movie! It was exciting.
2025-01-19 19:26:33.177 | INFO     | __main__:main:115 - I just loved a trick! It was funny.
2025-01-19 19:26:36.179 | INFO     | __main__:main:115 - I just found a movie! It was boring.
2025-01-19 19:26:39.181 | INFO     | __main__:main:115 - I just loved a meme! It was weird.
2025-01-19 19:26:42.183 | INFO     | __main__:main:115 - I just found a meme! It was boring.
2025-01-19 19:26:45.185 | INFO     | __main__:main:115 - I just found a trick! It was amazing.
2025-01-19 19:26:48.187 | INFO     | __main__:main:115 - I just shared an app! It was funny.
2025-01-19 19:26:51.189 | INFO     | __main__:main:115 - I just loved an app! It was funny.
2025-01-19 19:26:53.399 | INFO     | utils.utils_logger:<module>:38 - Logging to file: logs\project_log.log
2025-01-19 19:26:53.404 | INFO     | __main__:main:107 - START producer...
2025-01-19 19:26:53.404 | INFO     | __main__:main:108 - Hit CTRL c (or CMD c) to close.
2025-01-19 19:26:53.404 | INFO     | __main__:get_message_interval:54 - Messages will be sent every 3 seconds.
2025-01-19 19:26:53.404 | INFO     | __main__:main:115 - I just saw a trick! It was exciting.
2025-01-19 19:26:56.407 | INFO     | __main__:main:115 - I just loved a movie! It was weird.
2025-01-19 19:26:59.409 | INFO     | __main__:main:115 - I just tried a trick! It was amazing.
2025-01-19 19:27:02.411 | INFO     | __main__:main:115 - I just found a movie! It was funny.
2025-01-19 19:27:05.413 | INFO     | __main__:main:115 - I just tried an app! It was exciting.
2025-01-19 19:27:08.415 | INFO     | __main__:main:115 - I just found a story! It was boring.
2025-01-19 19:27:11.417 | INFO     | __main__:main:115 - I just saw a story! It was amazing.
2025-01-19 19:27:14.419 | INFO     | __main__:main:115 - I just saw an app! It was exciting.
2025-01-19 19:27:17.420 | INFO     | __main__:main:115 - I just shared a trick! It was exciting.
2025-01-19 19:27:20.428 | INFO     | __main__:main:115 - I just tried a story! It was boring.
2025-01-19 19:27:23.436 | INFO     | __main__:main:115 - I just found a story! It was exciting.
2025-01-19 19:27:26.439 | INFO     | __main__:main:115 - I just shared a movie! It was exciting.
2025-01-19 19:27:29.442 | INFO     | __main__:main:115 - I just tried an app! It was exciting.
2025-01-19 19:27:32.446 | INFO     | __main__:main:115 - I just loved an app! It was exciting.
2025-01-19 19:27:35.448 | INFO     | __main__:main:115 - I just found an app! It was exciting.
2025-01-19 19:27:38.450 | INFO     | __main__:main:115 - I just found an app! It was funny.
2025-01-19 19:27:41.453 | INFO     | __main__:main:115 - I just shared a movie! It was weird.
2025-01-19 19:27:44.455 | INFO     | __main__:main:115 - I just loved a movie! It was boring.
2025-01-19 19:27:47.456 | INFO     | __main__:main:115 - I just saw a meme! It was weird.
2025-01-19 19:27:50.457 | INFO     | __main__:main:115 - I just saw a movie! It was funny.
2025-01-19 19:27:53.460 | INFO     | __main__:main:115 - I just found a movie! It was weird.
2025-01-19 19:27:56.462 | INFO     | __main__:main:115 - I just shared an app! It was boring.
2025-01-19 19:27:59.464 | INFO     | __main__:main:115 - I just shared a movie! It was funny.
2025-01-19 19:28:02.465 | INFO     | __main__:main:115 - I just shared a trick! It was amazing.
2025-01-19 19:28:05.466 | INFO     | __main__:main:115 - I just tried a movie! It was exciting.
2025-01-19 19:28:08.468 | INFO     | __main__:main:115 - I just found a story! It was weird.
2025-01-19 19:28:11.470 | INFO     | __main__:main:115 - I just shared a story! It was exciting.
2025-01-19 19:28:14.471 | INFO     | __main__:main:115 - I just shared a meme! It was funny.
2025-01-19 19:28:17.473 | INFO     | __main__:main:115 - I just saw a trick! It was amazing.
2025-01-19 19:28:20.476 | INFO     | __main__:main:115 - I just saw a story! It was funny.
2025-01-19 19:28:23.478 | INFO     | __main__:main:115 - I just shared a trick! It was exciting.
2025-01-19 19:28:26.480 | INFO     | __main__:main:115 - I just tried a story! It was boring.
2025-01-19 19:28:29.482 | INFO     | __main__:main:115 - I just found a meme! It was exciting.
2025-01-19 19:28:32.484 | INFO     | __main__:main:115 - I just found an app! It was boring.
2025-01-19 19:28:35.485 | INFO     | __main__:main:115 - I just found a story! It was amazing.
2025-01-19 19:28:38.488 | INFO     | __main__:main:115 - I just shared an app! It was exciting.
2025-01-19 19:28:41.489 | INFO     | __main__:main:115 - I just tried a movie! It was amazing.
2025-01-19 19:28:44.490 | INFO     | __main__:main:115 - I just tried a meme! It was boring.
2025-01-19 19:28:47.491 | INFO     | __main__:main:115 - I just saw a trick! It was boring.
2025-01-19 19:28:50.494 | INFO     | __main__:main:115 - I just shared a trick! It was funny.
2025-01-19 19:28:53.496 | INFO     | __main__:main:115 - I just loved a story! It was boring.
2025-01-19 19:28:56.498 | INFO     | __main__:main:115 - I just saw a story! It was boring.
2025-01-19 19:28:59.500 | INFO     | __main__:main:115 - I just loved a trick! It was amazing.
2025-01-19 19:29:02.502 | INFO     | __main__:main:115 - I just shared a story! It was weird.
2025-01-19 19:29:05.504 | INFO     | __main__:main:115 - I just shared an app! It was funny.
2025-01-19 19:29:08.506 | INFO     | __main__:main:115 - I just tried a movie! It was amazing.
2025-01-19 19:29:11.508 | INFO     | __main__:main:115 - I just saw a story! It was weird.
2025-01-19 19:29:14.511 | INFO     | __main__:main:115 - I just tried a meme! It was boring.
2025-01-19 19:29:17.513 | INFO     | __main__:main:115 - I just saw an app! It was amazing.
2025-01-19 19:29:20.516 | INFO     | __main__:main:115 - I just tried an app! It was funny.
2025-01-19 19:29:23.518 | INFO     | __main__:main:115 - I just tried a trick! It was funny.
2025-01-19 19:29:26.520 | INFO     | __main__:main:115 - I just tried an app! It was amazing.
2025-01-19 19:29:29.522 | INFO     | __main__:main:115 - I just tried a trick! It was boring.
2025-01-19 19:29:32.524 | INFO     | __main__:main:115 - I just loved a trick! It was exciting.
2025-01-19 19:29:35.527 | INFO     | __main__:main:115 - I just tried a trick! It was weird.
2025-01-19 19:29:38.529 | INFO     | __main__:main:115 - I just found an app! It was amazing.
2025-01-19 19:29:41.531 | INFO     | __main__:main:115 - I just loved a trick! It was exciting.
2025-01-19 19:29:44.533 | INFO     | __main__:main:115 - I just tried an app! It was exciting.
2025-01-19 19:29:47.536 | INFO     | __main__:main:115 - I just found a trick! It was boring.
2025-01-19 19:29:50.538 | INFO     | __main__:main:115 - I just found a story! It was boring.
2025-01-19 19:29:53.540 | INFO     | __main__:main:115 - I just loved an app! It was funny.
2025-01-19 19:29:56.543 | INFO     | __main__:main:115 - I just tried an app! It was exciting.
2025-01-19 19:29:59.545 | INFO     | __main__:main:115 - I just saw a trick! It was funny.
2025-01-19 19:30:02.548 | INFO     | __main__:main:115 - I just found an app! It was boring.
2025-01-19 19:30:05.550 | INFO     | __main__:main:115 - I just shared a story! It was weird.
2025-01-19 19:30:08.551 | INFO     | __main__:main:115 - I just loved a story! It was weird.
2025-01-19 19:30:11.553 | INFO     | __main__:main:115 - I just shared an app! It was funny.
2025-01-19 19:30:14.556 | INFO     | __main__:main:115 - I just loved an app! It was boring.
2025-01-19 19:30:17.558 | INFO     | __main__:main:115 - I just tried a meme! It was funny.
2025-01-19 19:30:20.561 | INFO     | __main__:main:115 - I just loved a movie! It was exciting.
2025-01-19 19:30:23.562 | INFO     | __main__:main:115 - I just shared a movie! It was weird.
2025-01-19 19:30:26.563 | INFO     | __main__:main:115 - I just found a story! It was funny.
2025-01-19 19:30:29.566 | INFO     | __main__:main:115 - I just tried a movie! It was weird.
2025-01-19 19:30:32.568 | INFO     | __main__:main:115 - I just loved an app! It was amazing.
2025-01-19 19:30:35.570 | INFO     | __main__:main:115 - I just loved a meme! It was amazing.
2025-01-19 19:30:38.573 | INFO     | __main__:main:115 - I just tried a trick! It was funny.
2025-01-19 19:30:41.575 | INFO     | __main__:main:115 - I just saw an app! It was exciting.
2025-01-19 19:30:44.577 | INFO     | __main__:main:115 - I just found a story! It was exciting.
2025-01-19 19:30:47.579 | INFO     | __main__:main:115 - I just saw an app! It was amazing.
2025-01-19 19:30:50.582 | INFO     | __main__:main:115 - I just tried a trick! It was exciting.
2025-01-19 19:30:53.583 | INFO     | __main__:main:115 - I just loved an app! It was exciting.
2025-01-19 19:30:56.584 | INFO     | __main__:main:115 - I just shared a movie! It was amazing.
2025-01-19 19:30:59.586 | INFO     | __main__:main:115 - I just loved a trick! It was weird.
2025-01-19 19:31:02.589 | INFO     | __main__:main:115 - I just saw a trick! It was amazing.
2025-01-19 19:31:05.591 | INFO     | __main__:main:115 - I just loved a story! It was amazing.
2025-01-19 19:31:08.593 | INFO     | __main__:main:115 - I just saw a story! It was funny.
2025-01-19 19:31:11.595 | INFO     | __main__:main:115 - I just tried a meme! It was funny.
2025-01-19 19:31:14.598 | INFO     | __main__:main:115 - I just found a trick! It was funny.
2025-01-19 19:31:17.600 | INFO     | __main__:main:115 - I just found a movie! It was boring.
2025-01-19 19:31:20.602 | INFO     | __main__:main:115 - I just tried a trick! It was exciting.
2025-01-19 19:31:23.605 | INFO     | __main__:main:115 - I just saw a meme! It was amazing.
2025-01-19 19:31:26.607 | INFO     | __main__:main:115 - I just saw an app! It was exciting.
2025-01-19 19:31:29.609 | INFO     | __main__:main:115 - I just shared a movie! It was exciting.
2025-01-19 19:31:32.615 | INFO     | __main__:main:115 - I just loved a meme! It was exciting.
2025-01-19 19:31:35.622 | INFO     | __main__:main:115 - I just shared a movie! It was boring.
2025-01-19 19:31:38.624 | INFO     | __main__:main:115 - I just saw a trick! It was boring.
2025-01-19 19:31:41.626 | INFO     | __main__:main:115 - I just shared an app! It was amazing.
2025-01-19 19:31:44.628 | INFO     | __main__:main:115 - I just saw a meme! It was funny.
2025-01-19 19:31:47.631 | INFO     | __main__:main:115 - I just found a movie! It was weird.
2025-01-19 19:31:50.633 | INFO     | __main__:main:115 - I just found a story! It was weird.
2025-01-19 19:31:53.635 | INFO     | __main__:main:115 - I just found a trick! It was funny.
2025-01-19 19:31:56.637 | INFO     | __main__:main:115 - I just loved a trick! It was funny.
2025-01-19 19:31:59.639 | INFO     | __main__:main:115 - I just found a trick! It was funny.
2025-01-19 19:32:02.641 | INFO     | __main__:main:115 - I just saw a meme! It was funny.
2025-01-19 19:32:05.643 | INFO     | __main__:main:115 - I just saw a trick! It was boring.
2025-01-19 19:32:08.645 | INFO     | __main__:main:115 - I just loved a meme! It was funny.
2025-01-19 19:32:11.648 | INFO     | __main__:main:115 - I just found a movie! It was funny.
2025-01-19 19:32:14.650 | INFO     | __main__:main:115 - I just found a trick! It was funny.
2025-01-19 19:32:17.652 | INFO     | __main__:main:115 - I just tried a movie! It was exciting.
2025-01-19 19:32:20.654 | INFO     | __main__:main:115 - I just tried a meme! It was amazing.
2025-01-19 19:32:23.656 | INFO     | __main__:main:115 - I just loved an app! It was boring.
2025-01-19 19:32:26.658 | INFO     | __main__:main:115 - I just tried a trick! It was weird.
2025-01-19 19:32:29.660 | INFO     | __main__:main:115 - I just tried a trick! It was boring.
2025-01-19 19:32:32.662 | INFO     | __main__:main:115 - I just loved an app! It was exciting.
2025-01-19 19:32:35.665 | INFO     | __main__:main:115 - I just loved a meme! It was boring.
2025-01-19 19:32:38.667 | INFO     | __main__:main:115 - I just shared a story! It was funny.
2025-01-19 19:32:41.669 | INFO     | __main__:main:115 - I just shared a meme! It was exciting.
2025-01-19 19:32:44.671 | INFO     | __main__:main:115 - I just tried a meme! It was boring.
2025-01-19 19:32:47.673 | INFO     | __main__:main:115 - I just saw a trick! It was exciting.
2025-01-19 19:32:50.676 | INFO     | __main__:main:115 - I just tried a trick! It was amazing.
2025-01-19 19:32:53.678 | INFO     | __main__:main:115 - I just shared a movie! It was boring.
2025-01-19 19:32:56.680 | INFO     | __main__:main:115 - I just tried a meme! It was funny.
2025-01-19 19:32:59.682 | INFO     | __main__:main:115 - I just loved a story! It was funny.
2025-01-19 19:33:02.683 | INFO     | __main__:main:115 - I just found a meme! It was exciting.
2025-01-19 19:33:05.687 | INFO     | __main__:main:115 - I just found an app! It was funny.
2025-01-19 19:33:08.689 | INFO     | __main__:main:115 - I just found a trick! It was boring.
2025-01-19 19:33:11.691 | INFO     | __main__:main:115 - I just saw a movie! It was exciting.
2025-01-19 19:33:14.692 | INFO     | __main__:main:115 - I just saw a story! It was boring.
2025-01-19 19:33:17.694 | INFO     | __main__:main:115 - I just loved a trick! It was amazing.
2025-01-19 19:33:20.697 | INFO     | __main__:main:115 - I just found a story! It was amazing.
2025-01-19 19:33:23.699 | INFO     | __main__:main:115 - I just loved a trick! It was exciting.
2025-01-19 19:33:26.700 | INFO     | __main__:main:115 - I just tried a trick! It was weird.
2025-01-19 19:33:29.701 | INFO     | __main__:main:115 - I just shared a movie! It was boring.
2025-01-19 19:33:32.703 | INFO     | __main__:main:115 - I just tried a trick! It was funny.
2025-01-19 19:33:35.705 | INFO     | __main__:main:115 - I just loved a trick! It was funny.
2025-01-19 19:33:38.706 | INFO     | __main__:main:115 - I just found a meme! It was amazing.
2025-01-19 19:33:41.707 | INFO     | __main__:main:115 - I just found a story! It was funny.
2025-01-19 19:33:44.710 | INFO     | __main__:main:115 - I just saw a story! It was funny.
2025-01-19 19:33:47.712 | INFO     | __main__:main:115 - I just loved a movie! It was weird.
2025-01-19 19:33:50.714 | INFO     | __main__:main:115 - I just found a story! It was weird.
2025-01-19 19:33:53.715 | INFO     | __main__:main:115 - I just found an app! It was weird.
2025-01-19 19:33:56.717 | INFO     | __main__:main:115 - I just shared a movie! It was funny.
2025-01-19 19:33:59.719 | INFO     | __main__:main:115 - I just shared a movie! It was exciting.
2025-01-19 19:34:02.721 | INFO     | __main__:main:115 - I just found a meme! It was exciting.
2025-01-19 19:34:05.722 | INFO     | __main__:main:115 - I just saw a meme! It was boring.
2025-01-19 19:34:08.724 | INFO     | __main__:main:115 - I just saw a movie! It was weird.
2025-01-19 19:34:11.726 | INFO     | __main__:main:115 - I just tried a trick! It was funny.
2025-01-19 19:34:14.728 | INFO     | __main__:main:115 - I just shared an app! It was funny.
2025-01-19 19:34:17.730 | INFO     | __main__:main:115 - I just saw a trick! It was boring.
2025-01-19 19:34:20.733 | INFO     | __main__:main:115 - I just saw a story! It was boring.
2025-01-19 19:34:23.734 | INFO     | __main__:main:115 - I just tried a meme! It was amazing.
2025-01-19 19:34:26.736 | INFO     | __main__:main:115 - I just tried a story! It was exciting.
2025-01-19 19:34:29.738 | INFO     | __main__:main:115 - I just loved a meme! It was weird.
2025-01-19 19:34:32.740 | INFO     | __main__:main:115 - I just found a meme! It was weird.
2025-01-19 19:34:35.743 | INFO     | __main__:main:115 - I just shared a movie! It was amazing.
2025-01-19 19:34:38.745 | INFO     | __main__:main:115 - I just shared a trick! It was weird.
2025-01-19 19:34:41.747 | INFO     | __main__:main:115 - I just found a movie! It was weird.
2025-01-19 19:34:44.749 | INFO     | __main__:main:115 - I just loved a trick! It was boring.
2025-01-19 19:34:47.751 | INFO     | __main__:main:115 - I just saw a meme! It was boring.
2025-01-19 19:34:50.754 | INFO     | __main__:main:115 - I just shared a story! It was amazing.
2025-01-19 19:34:53.756 | INFO     | __main__:main:115 - I just shared a meme! It was boring.
2025-01-19 19:34:56.758 | INFO     | __main__:main:115 - I just found a story! It was boring.
2025-01-19 19:34:59.760 | INFO     | __main__:main:115 - I just loved an app! It was exciting.
2025-01-19 19:35:02.762 | INFO     | __main__:main:115 - I just shared a story! It was amazing.
2025-01-19 19:35:05.763 | INFO     | __main__:main:115 - I just shared a trick! It was boring.
2025-01-19 19:35:08.766 | INFO     | __main__:main:115 - I just loved a story! It was amazing.
2025-01-19 19:35:11.767 | INFO     | __main__:main:115 - I just tried a movie! It was weird.
2025-01-19 19:35:14.769 | INFO     | __main__:main:115 - I just tried an app! It was funny.
2025-01-19 19:35:17.772 | INFO     | __main__:main:115 - I just tried a meme! It was weird.
2025-01-19 19:35:20.774 | INFO     | __main__:main:115 - I just saw a movie! It was funny.
2025-01-19 19:35:23.776 | INFO     | __main__:main:115 - I just found a trick! It was funny.
2025-01-19 19:35:26.777 | INFO     | __main__:main:115 - I just shared a story! It was boring.
2025-01-19 19:35:29.780 | INFO     | __main__:main:115 - I just saw an app! It was funny.
2025-01-19 19:35:32.782 | INFO     | __main__:main:115 - I just saw a movie! It was exciting.
2025-01-19 19:35:35.785 | INFO     | __main__:main:115 - I just loved a story! It was funny.
2025-01-19 19:35:38.787 | INFO     | __main__:main:115 - I just loved an app! It was funny.
2025-01-19 19:35:41.789 | INFO     | __main__:main:115 - I just found a meme! It was weird.
2025-01-19 19:35:44.791 | INFO     | __main__:main:115 - I just shared a meme! It was exciting.
2025-01-19 19:35:47.793 | INFO     | __main__:main:115 - I just loved a trick! It was weird.
2025-01-19 19:35:50.795 | INFO     | __main__:main:115 - I just saw an app! It was boring.
2025-01-19 19:35:53.796 | INFO     | __main__:main:115 - I just found an app! It was exciting.
2025-01-19 19:35:56.798 | INFO     | __main__:main:115 - I just found a movie! It was funny.
2025-01-19 19:35:59.800 | INFO     | __main__:main:115 - I just loved an app! It was exciting.
2025-01-19 19:36:02.802 | INFO     | __main__:main:115 - I just tried a meme! It was weird.
2025-01-19 19:36:05.803 | INFO     | __main__:main:115 - I just loved a movie! It was amazing.
2025-01-19 19:36:08.805 | INFO     | __main__:main:115 - I just loved an app! It was weird.
2025-01-19 19:36:11.807 | INFO     | __main__:main:115 - I just shared a movie! It was exciting.
2025-01-19 19:36:14.809 | INFO     | __main__:main:115 - I just tried a trick! It was amazing.
2025-01-19 19:36:17.810 | INFO     | __main__:main:115 - I just tried a story! It was amazing.
2025-01-19 19:36:20.811 | INFO     | __main__:main:115 - I just shared a meme! It was boring.
2025-01-19 19:36:23.812 | INFO     | __main__:main:115 - I just shared a movie! It was boring.
2025-01-19 19:36:26.815 | INFO     | __main__:main:115 - I just loved a trick! It was boring.
2025-01-19 19:36:29.817 | INFO     | __main__:main:115 - I just found a meme! It was exciting.
2025-01-19 19:36:32.819 | INFO     | __main__:main:115 - I just shared a story! It was funny.
2025-01-19 19:36:35.822 | INFO     | __main__:main:115 - I just found an app! It was funny.
2025-01-19 19:36:38.824 | INFO     | __main__:main:115 - I just shared a story! It was boring.
2025-01-19 19:36:41.826 | INFO     | __main__:main:115 - I just saw a trick! It was boring.
2025-01-19 19:36:44.828 | INFO     | __main__:main:115 - I just saw a story! It was amazing.
2025-01-19 19:36:47.831 | INFO     | __main__:main:115 - I just loved a trick! It was exciting.
2025-01-19 19:36:50.832 | INFO     | __main__:main:115 - I just tried an app! It was weird.
2025-01-19 19:36:53.834 | INFO     | __main__:main:115 - I just loved a trick! It was weird.
2025-01-19 19:36:56.836 | INFO     | __main__:main:115 - I just loved an app! It was boring.
2025-01-19 19:36:59.837 | INFO     | __main__:main:115 - I just loved a trick! It was amazing.
2025-01-19 19:37:02.839 | INFO     | __main__:main:115 - I just shared an app! It was amazing.
2025-01-19 19:37:05.841 | INFO     | __main__:main:115 - I just tried a story! It was exciting.
2025-01-19 19:37:08.843 | INFO     | __main__:main:115 - I just loved a story! It was amazing.
2025-01-19 19:37:11.846 | INFO     | __main__:main:115 - I just tried a trick! It was exciting.
2025-01-19 19:37:14.848 | INFO     | __main__:main:115 - I just loved an app! It was funny.
2025-01-19 19:37:17.850 | INFO     | __main__:main:115 - I just saw an app! It was boring.
2025-01-19 19:37:20.853 | INFO     | __main__:main:115 - I just tried a story! It was exciting.
2025-01-19 19:37:23.854 | INFO     | __main__:main:115 - I just tried a trick! It was funny.
2025-01-19 19:37:26.855 | INFO     | __main__:main:115 - I just shared a movie! It was amazing.
2025-01-19 19:37:29.857 | INFO     | __main__:main:115 - I just saw a meme! It was boring.
2025-01-19 19:37:32.860 | INFO     | __main__:main:115 - I just tried an app! It was funny.
2025-01-19 19:37:35.861 | INFO     | __main__:main:115 - I just tried a meme! It was exciting.
2025-01-19 19:37:38.864 | INFO     | __main__:main:115 - I just tried a movie! It was amazing.
2025-01-19 19:37:41.866 | INFO     | __main__:main:115 - I just saw a movie! It was exciting.
2025-01-19 19:37:44.868 | INFO     | __main__:main:115 - I just shared a trick! It was weird.
2025-01-19 19:37:47.870 | INFO     | __main__:main:115 - I just shared a trick! It was weird.
2025-01-19 19:37:50.872 | INFO     | __main__:main:115 - I just saw a movie! It was amazing.
2025-01-19 19:37:53.874 | INFO     | __main__:main:115 - I just saw an app! It was amazing.
2025-01-19 19:37:56.876 | INFO     | __main__:main:115 - I just saw an app! It was boring.
2025-01-19 19:37:59.878 | INFO     | __main__:main:115 - I just loved an app! It was amazing.
2025-01-19 19:38:02.880 | INFO     | __main__:main:115 - I just tried a trick! It was weird.
2025-01-19 19:38:05.882 | INFO     | __main__:main:115 - I just loved an app! It was funny.
2025-01-19 19:38:08.884 | INFO     | __main__:main:115 - I just loved an app! It was boring.
2025-01-19 19:38:11.887 | INFO     | __main__:main:115 - I just shared a trick! It was exciting.
2025-01-19 19:38:14.889 | INFO     | __main__:main:115 - I just tried a meme! It was weird.
2025-01-19 19:38:17.891 | INFO     | __main__:main:115 - I just tried an app! It was boring.
2025-01-19 19:38:20.894 | INFO     | __main__:main:115 - I just tried an app! It was funny.
2025-01-19 19:38:23.896 | INFO     | __main__:main:115 - I just tried a story! It was exciting.
2025-01-19 19:38:26.898 | INFO     | __main__:main:115 - I just found a movie! It was weird.
2025-01-19 19:38:29.900 | INFO     | __main__:main:115 - I just loved a meme! It was boring.
2025-01-19 19:38:32.902 | INFO     | __main__:main:115 - I just shared a movie! It was weird.
2025-01-19 19:38:35.903 | INFO     | __main__:main:115 - I just found a movie! It was boring.
2025-01-19 19:38:38.905 | INFO     | __main__:main:115 - I just shared a trick! It was weird.
2025-01-19 19:38:41.907 | INFO     | __main__:main:115 - I just loved a story! It was weird.
2025-01-19 19:38:44.910 | INFO     | __main__:main:115 - I just shared a trick! It was weird.
2025-01-19 19:38:47.912 | INFO     | __main__:main:115 - I just shared a meme! It was weird.
2025-01-19 19:38:50.914 | INFO     | __main__:main:115 - I just loved a trick! It was exciting.
2025-01-19 19:38:53.916 | INFO     | __main__:main:115 - I just found a meme! It was funny.
2025-01-19 19:38:56.918 | INFO     | __main__:main:115 - I just loved a meme! It was exciting.
2025-01-19 19:38:59.920 | INFO     | __main__:main:115 - I just shared an app! It was weird.
2025-01-19 19:39:02.922 | INFO     | __main__:main:115 - I just tried an app! It was amazing.
2025-01-19 19:39:05.924 | INFO     | __main__:main:115 - I just found a meme! It was amazing.
2025-01-19 19:39:08.925 | INFO     | __main__:main:115 - I just loved a movie! It was funny.
2025-01-19 19:39:11.927 | INFO     | __main__:main:115 - I just saw a trick! It was weird.
2025-01-19 19:39:14.928 | INFO     | __main__:main:115 - I just saw a meme! It was boring.
2025-01-19 19:39:17.931 | INFO     | __main__:main:115 - I just loved an app! It was exciting.
2025-01-19 19:39:20.932 | INFO     | __main__:main:115 - I just saw an app! It was weird.
2025-01-19 19:39:23.934 | INFO     | __main__:main:115 - I just shared a meme! It was amazing.
2025-01-19 19:39:26.937 | INFO     | __main__:main:115 - I just found an app! It was exciting.
2025-01-19 19:39:29.939 | INFO     | __main__:main:115 - I just loved a trick! It was exciting.
2025-01-19 19:39:32.941 | INFO     | __main__:main:115 - I just shared a trick! It was boring.
2025-01-19 19:39:35.943 | INFO     | __main__:main:115 - I just found a movie! It was boring.
2025-01-19 19:39:38.944 | INFO     | __main__:main:115 - I just saw a trick! It was amazing.
2025-01-19 19:39:41.946 | INFO     | __main__:main:115 - I just shared a story! It was exciting.
2025-01-19 19:39:44.949 | INFO     | __main__:main:115 - I just loved a story! It was weird.
2025-01-19 19:39:47.951 | INFO     | __main__:main:115 - I just shared a trick! It was weird.
2025-01-19 19:39:50.954 | INFO     | __main__:main:115 - I just tried a meme! It was amazing.
2025-01-19 19:39:53.956 | INFO     | __main__:main:115 - I just shared an app! It was boring.
2025-01-19 19:39:56.959 | INFO     | __main__:main:115 - I just shared a story! It was exciting.
2025-01-19 19:39:59.961 | INFO     | __main__:main:115 - I just found an app! It was funny.
2025-01-19 19:40:02.963 | INFO     | __main__:main:115 - I just tried a story! It was boring.
2025-01-19 19:40:05.966 | INFO     | __main__:main:115 - I just tried a trick! It was boring.
2025-01-19 19:40:08.968 | INFO     | __main__:main:115 - I just shared a trick! It was weird.
2025-01-19 19:40:11.971 | INFO     | __main__:main:115 - I just shared a trick! It was boring.
2025-01-19 19:40:14.973 | INFO     | __main__:main:115 - I just saw an app! It was funny.
2025-01-19 19:40:17.974 | INFO     | __main__:main:115 - I just shared an app! It was amazing.
2025-01-19 19:40:20.976 | INFO     | __main__:main:115 - I just tried a movie! It was boring.
2025-01-19 19:40:23.978 | INFO     | __main__:main:115 - I just loved a story! It was funny.
2025-01-19 19:40:26.980 | INFO     | __main__:main:115 - I just shared a meme! It was exciting.
2025-01-19 19:40:29.982 | INFO     | __main__:main:115 - I just tried an app! It was amazing.
2025-01-19 19:40:32.984 | INFO     | __main__:main:115 - I just tried a trick! It was boring.
2025-01-19 19:40:35.986 | INFO     | __main__:main:115 - I just loved an app! It was boring.
2025-01-19 19:40:38.989 | INFO     | __main__:main:115 - I just tried a meme! It was weird.
2025-01-19 19:40:41.989 | INFO     | __main__:main:115 - I just shared a trick! It was amazing.
2025-01-19 19:40:44.992 | INFO     | __main__:main:115 - I just found a movie! It was weird.
2025-01-19 19:40:47.994 | INFO     | __main__:main:115 - I just tried an app! It was amazing.
2025-01-19 19:40:50.996 | INFO     | __main__:main:115 - I just found a trick! It was exciting.
2025-01-19 19:40:53.998 | INFO     | __main__:main:115 - I just tried a story! It was funny.
2025-01-19 19:40:57.000 | INFO     | __main__:main:115 - I just tried a story! It was boring.
2025-01-19 19:41:00.002 | INFO     | __main__:main:115 - I just tried a trick! It was exciting.
2025-01-19 19:41:03.005 | INFO     | __main__:main:115 - I just found an app! It was boring.
2025-01-19 19:41:06.007 | INFO     | __main__:main:115 - I just found a trick! It was amazing.
2025-01-19 19:41:09.009 | INFO     | __main__:main:115 - I just tried a meme! It was funny.
2025-01-19 19:41:12.011 | INFO     | __main__:main:115 - I just tried an app! It was amazing.
2025-01-19 19:41:15.013 | INFO     | __main__:main:115 - I just found an app! It was funny.
2025-01-19 19:41:18.016 | INFO     | __main__:main:115 - I just tried an app! It was exciting.
2025-01-19 19:41:21.017 | INFO     | __main__:main:115 - I just saw a trick! It was boring.
2025-01-19 19:41:24.019 | INFO     | __main__:main:115 - I just loved a movie! It was exciting.
2025-01-19 19:41:27.021 | INFO     | __main__:main:115 - I just tried a movie! It was boring.
2025-01-19 19:41:30.024 | INFO     | __main__:main:115 - I just tried a trick! It was amazing.
2025-01-19 19:41:33.026 | INFO     | __main__:main:115 - I just found a movie! It was boring.
2025-01-19 19:41:36.028 | INFO     | __main__:main:115 - I just shared a meme! It was weird.
2025-01-19 19:41:39.030 | INFO     | __main__:main:115 - I just saw a trick! It was funny.
2025-01-19 19:41:42.033 | INFO     | __main__:main:115 - I just tried an app! It was exciting.
2025-01-19 19:41:45.035 | INFO     | __main__:main:115 - I just shared a trick! It was exciting.
2025-01-19 19:41:48.037 | INFO     | __main__:main:115 - I just saw an app! It was weird.
2025-01-19 19:41:51.039 | INFO     | __main__:main:115 - I just loved an app! It was funny.
2025-01-19 19:41:54.041 | INFO     | __main__:main:115 - I just loved a meme! It was amazing.
2025-01-19 19:41:57.043 | INFO     | __main__:main:115 - I just loved an app! It was funny.
2025-01-19 19:42:00.046 | INFO     | __main__:main:115 - I just loved an app! It was amazing.
2025-01-19 19:42:03.048 | INFO     | __main__:main:115 - I just tried an app! It was exciting.
2025-01-19 19:42:06.050 | INFO     | __main__:main:115 - I just tried a trick! It was exciting.
2025-01-19 19:42:09.052 | INFO     | __main__:main:115 - I just saw a story! It was exciting.
2025-01-19 19:42:12.054 | INFO     | __main__:main:115 - I just tried a meme! It was weird.
2025-01-19 19:42:15.057 | INFO     | __main__:main:115 - I just saw a story! It was exciting.
2025-01-19 19:42:18.059 | INFO     | __main__:main:115 - I just tried a meme! It was boring.
2025-01-19 19:42:21.062 | INFO     | __main__:main:115 - I just shared a trick! It was boring.
2025-01-19 19:42:24.064 | INFO     | __main__:main:115 - I just found a story! It was funny.
2025-01-19 19:42:27.065 | INFO     | __main__:main:115 - I just shared an app! It was amazing.
2025-01-19 19:42:30.067 | INFO     | __main__:main:115 - I just loved a movie! It was amazing.
2025-01-19 19:42:33.070 | INFO     | __main__:main:115 - I just found a movie! It was funny.
2025-01-19 19:42:36.072 | INFO     | __main__:main:115 - I just shared a story! It was amazing.
2025-01-19 19:42:39.074 | INFO     | __main__:main:115 - I just tried a trick! It was weird.
2025-01-19 19:42:42.076 | INFO     | __main__:main:115 - I just found an app! It was amazing.
2025-01-19 19:42:45.078 | INFO     | __main__:main:115 - I just saw a meme! It was weird.
2025-01-19 19:42:48.081 | INFO     | __main__:main:115 - I just loved an app! It was weird.
2025-01-19 19:42:51.083 | INFO     | __main__:main:115 - I just found a trick! It was exciting.
2025-01-19 19:42:54.085 | INFO     | __main__:main:115 - I just shared a trick! It was boring.
2025-01-19 19:42:57.086 | INFO     | __main__:main:115 - I just found a movie! It was funny.
2025-01-19 19:43:00.088 | INFO     | __main__:main:115 - I just loved a meme! It was amazing.
2025-01-19 19:43:03.090 | INFO     | __main__:main:115 - I just loved a trick! It was boring.
2025-01-19 19:43:06.092 | INFO     | __main__:main:115 - I just loved a meme! It was weird.
2025-01-19 19:43:09.094 | INFO     | __main__:main:115 - I just saw a story! It was funny.
2025-01-19 19:43:12.097 | INFO     | __main__:main:115 - I just shared a meme! It was weird.
2025-01-19 19:43:15.099 | INFO     | __main__:main:115 - I just found an app! It was boring.
2025-01-19 19:43:18.101 | INFO     | __main__:main:115 - I just loved a trick! It was weird.
2025-01-19 19:43:21.104 | INFO     | __main__:main:115 - I just saw a movie! It was weird.
2025-01-19 19:43:24.106 | INFO     | __main__:main:115 - I just found a meme! It was weird.
2025-01-19 19:43:27.109 | INFO     | __main__:main:115 - I just shared a trick! It was weird.
2025-01-19 19:43:30.110 | INFO     | __main__:main:115 - I just shared a story! It was funny.
2025-01-19 19:43:33.112 | INFO     | __main__:main:115 - I just tried a trick! It was funny.
2025-01-19 19:43:36.113 | INFO     | __main__:main:115 - I just found an app! It was boring.
2025-01-19 19:43:39.114 | INFO     | __main__:main:115 - I just tried a meme! It was weird.
2025-01-19 19:43:42.116 | INFO     | __main__:main:115 - I just loved an app! It was boring.
2025-01-19 19:43:45.118 | INFO     | __main__:main:115 - I just shared a movie! It was amazing.
2025-01-19 19:43:48.121 | INFO     | __main__:main:115 - I just shared an app! It was amazing.
2025-01-19 19:43:51.124 | INFO     | __main__:main:115 - I just shared a story! It was weird.
2025-01-19 19:43:54.126 | INFO     | __main__:main:115 - I just tried a movie! It was weird.
2025-01-19 19:43:57.128 | INFO     | __main__:main:115 - I just saw a trick! It was exciting.
2025-01-19 19:44:00.130 | INFO     | __main__:main:115 - I just shared a movie! It was amazing.
2025-01-19 19:44:03.132 | INFO     | __main__:main:115 - I just tried a meme! It was amazing.
2025-01-19 19:44:06.135 | INFO     | __main__:main:115 - I just tried a movie! It was funny.
2025-01-19 19:44:09.137 | INFO     | __main__:main:115 - I just tried a story! It was weird.
2025-01-19 19:44:12.139 | INFO     | __main__:main:115 - I just loved a trick! It was boring.
2025-01-19 19:44:15.142 | INFO     | __main__:main:115 - I just tried an app! It was boring.
2025-01-19 19:44:18.144 | INFO     | __main__:main:115 - I just loved a movie! It was weird.
2025-01-19 19:44:21.147 | INFO     | __main__:main:115 - I just found an app! It was funny.
2025-01-19 19:44:24.150 | INFO     | __main__:main:115 - I just shared an app! It was weird.
2025-01-19 19:44:27.152 | INFO     | __main__:main:115 - I just saw a story! It was exciting.
2025-01-19 19:44:30.154 | INFO     | __main__:main:115 - I just tried an app! It was amazing.
2025-01-19 19:44:33.156 | INFO     | __main__:main:115 - I just loved a meme! It was funny.
2025-01-19 19:44:36.158 | INFO     | __main__:main:115 - I just found a story! It was exciting.
2025-01-19 19:44:39.161 | INFO     | __main__:main:115 - I just shared a trick! It was weird.
2025-01-19 19:44:42.163 | INFO     | __main__:main:115 - I just shared a trick! It was exciting.
2025-01-19 19:44:45.165 | INFO     | __main__:main:115 - I just saw a story! It was amazing.
2025-01-19 19:44:48.167 | INFO     | __main__:main:115 - I just saw a meme! It was boring.
2025-01-19 19:44:51.169 | INFO     | __main__:main:115 - I just tried an app! It was amazing.
2025-01-19 19:44:54.171 | INFO     | __main__:main:115 - I just shared a meme! It was amazing.
2025-01-19 19:44:57.174 | INFO     | __main__:main:115 - I just tried a meme! It was weird.
2025-01-19 19:45:00.176 | INFO     | __main__:main:115 - I just saw a meme! It was funny.
2025-01-19 19:45:03.178 | INFO     | __main__:main:115 - I just saw an app! It was boring.
2025-01-19 19:45:06.179 | INFO     | __main__:main:115 - I just saw a movie! It was weird.
2025-01-19 19:45:09.181 | INFO     | __main__:main:115 - I just found a story! It was exciting.
2025-01-19 19:45:12.183 | INFO     | __main__:main:115 - I just found a movie! It was funny.
2025-01-19 19:45:15.185 | INFO     | __main__:main:115 - I just loved a meme! It was boring.
2025-01-19 19:45:18.187 | INFO     | __main__:main:115 - I just tried an app! It was exciting.
2025-01-19 19:45:21.190 | INFO     | __main__:main:115 - I just shared a meme! It was amazing.
2025-01-19 19:45:24.192 | INFO     | __main__:main:115 - I just loved a trick! It was funny.
2025-01-19 19:45:27.195 | INFO     | __main__:main:115 - I just shared a story! It was exciting.
2025-01-19 19:45:30.197 | INFO     | __main__:main:115 - I just found an app! It was weird.
2025-01-19 19:45:33.199 | INFO     | __main__:main:115 - I just tried a movie! It was amazing.
2025-01-19 19:45:36.200 | INFO     | __main__:main:115 - I just found a story! It was boring.
2025-01-19 19:45:39.202 | INFO     | __main__:main:115 - I just saw a meme! It was funny.
2025-01-19 19:45:42.204 | INFO     | __main__:main:115 - I just found a story! It was boring.
2025-01-19 19:45:45.205 | INFO     | __main__:main:115 - I just loved a trick! It was amazing.
2025-01-19 19:45:48.207 | INFO     | __main__:main:115 - I just saw a meme! It was boring.
2025-01-19 19:45:51.209 | INFO     | __main__:main:115 - I just shared a movie! It was boring.
2025-01-19 19:47:00.528 | INFO     | utils.utils_logger:<module>:38 - Logging to file: logs\project_log.log
2025-01-19 19:47:00.528 | INFO     | __main__:main:75 - START...
2025-01-19 19:47:00.528 | INFO     | __main__:main:81 - Reading file located at logs\project_log.log.
2025-01-19 19:47:21.122 | INFO     | __main__:main:92 - END.....
2025-01-19 19:47:21.613 | INFO     | utils.utils_logger:<module>:38 - Logging to file: logs\project_log.log
2025-01-19 19:47:21.613 | INFO     | __main__:main:57 - START producer...
2025-01-19 19:47:21.616 | INFO     | __main__:main:58 - Hit CTRL c (or CMD c) to close.
2025-01-19 19:47:21.616 | INFO     | __main__:get_message_interval:23 - Messages will be sent every 3 seconds.
2025-01-19 19:47:21.617 | INFO     | __main__:main:64 - I just shared a challenge! It was unexpected!
2025-01-19 19:47:24.618 | INFO     | __main__:main:64 - I just shared a viral video! It was shocking!
2025-01-19 19:47:27.620 | INFO     | __main__:main:64 - I just discovered a viral video! It was shocking!
2025-01-19 19:47:30.622 | INFO     | __main__:main:64 - I just watched a podcast! It was shocking!
2025-01-19 19:47:33.624 | INFO     | __main__:main:64 - I just heard a podcast! It was hilarious!
2025-01-19 19:47:36.627 | INFO     | __main__:main:64 - I just watched a viral video! It was shocking!
2025-01-19 19:47:39.629 | INFO     | __main__:main:64 - I just experienced a podcast! It was fantastic!
2025-01-19 19:47:42.631 | INFO     | __main__:main:64 - I just heard a viral video! It was unexpected!
2025-01-19 19:47:45.633 | INFO     | __main__:main:64 - I just shared a viral video! It was hilarious!
2025-01-19 19:47:48.635 | INFO     | __main__:main:64 - I just experienced a book! It was incredible!
2025-01-19 19:47:58.179 | INFO     | utils.utils_logger:<module>:38 - Logging to file: logs\project_log.log
2025-01-19 19:47:58.179 | INFO     | __main__:main:75 - START...
2025-01-19 19:47:58.179 | INFO     | __main__:main:81 - Reading file located at logs\project_log.log.
2025-01-19 19:48:35.606 | INFO     | utils.utils_logger:<module>:38 - Logging to file: logs\project_log.log
2025-01-19 19:48:35.610 | INFO     | __main__:main:57 - START producer...
2025-01-19 19:48:35.610 | INFO     | __main__:main:58 - Hit CTRL c (or CMD c) to close.
2025-01-19 19:48:35.610 | INFO     | __main__:get_message_interval:23 - Messages will be sent every 3 seconds.
2025-01-19 19:48:35.610 | INFO     | __main__:main:64 - I just shared a podcast! It was fantastic!
2025-01-19 19:48:38.612 | INFO     | __main__:main:64 - I just shared a challenge! It was hilarious!
2025-01-19 19:48:41.613 | INFO     | __main__:main:64 - I just discovered a new trend! It was unexpected!
2025-01-19 19:48:44.615 | INFO     | __main__:main:64 - I just heard a podcast! It was hilarious!
2025-01-19 19:48:47.617 | INFO     | __main__:main:64 - I just heard a new trend! It was fantastic!
2025-01-19 19:48:50.618 | INFO     | __main__:main:64 - I just heard a podcast! It was fantastic!
2025-01-19 19:48:53.620 | INFO     | __main__:main:64 - I just experienced a viral video! It was incredible!
2025-01-19 19:48:56.622 | INFO     | __main__:main:64 - I just experienced a book! It was fantastic!
2025-01-19 19:48:59.624 | INFO     | __main__:main:64 - I just experienced a book! It was fantastic!
2025-01-19 19:49:02.626 | INFO     | __main__:main:64 - I just discovered a viral video! It was fantastic!
2025-01-19 19:49:05.628 | INFO     | __main__:main:64 - I just heard a new trend! It was fantastic!
2025-01-19 19:49:08.630 | INFO     | __main__:main:64 - I just heard a viral video! It was shocking!
2025-01-19 19:49:11.633 | INFO     | __main__:main:64 - I just experienced a challenge! It was fantastic!
2025-01-19 19:49:14.635 | INFO     | __main__:main:64 - I just heard a challenge! It was incredible!
2025-01-19 19:49:18.531 | INFO     | utils.utils_logger:<module>:38 - Logging to file: logs\project_log.log
2025-01-19 19:49:18.531 | INFO     | __main__:main:72 - START...
2025-01-19 19:49:18.531 | INFO     | __main__:main:78 - Reading file located at logs\project_log.log.
2025-01-19 19:49:47.826 | INFO     | __main__:main:89 - END.....
2025-01-19 19:49:48.295 | INFO     | utils.utils_logger:<module>:38 - Logging to file: logs\project_log.log
2025-01-19 19:49:48.295 | INFO     | __main__:main:57 - START producer...
2025-01-19 19:49:48.295 | INFO     | __main__:main:58 - Hit CTRL c (or CMD c) to close.
2025-01-19 19:49:48.295 | INFO     | __main__:get_message_interval:23 - Messages will be sent every 3 seconds.
2025-01-19 19:49:48.295 | INFO     | __main__:main:64 - I just discovered a viral video! It was incredible!
2025-01-19 19:49:51.307 | INFO     | __main__:main:64 - I just discovered a viral video! It was unexpected!
2025-01-19 19:49:54.308 | INFO     | __main__:main:64 - I just heard a book! It was unexpected!
2025-01-19 19:49:57.309 | INFO     | __main__:main:64 - I just discovered a challenge! It was shocking!
2025-01-19 19:50:00.312 | INFO     | __main__:main:64 - I just discovered a podcast! It was incredible!
2025-01-19 19:50:03.313 | INFO     | __main__:main:64 - I just shared a viral video! It was incredible!
2025-01-19 19:50:06.315 | INFO     | __main__:main:64 - I just watched a viral video! It was hilarious!
2025-01-19 19:50:09.316 | INFO     | __main__:main:64 - I just discovered a viral video! It was unexpected!
2025-01-19 19:50:12.318 | INFO     | __main__:main:64 - I just heard a podcast! It was shocking!
2025-01-19 19:50:15.319 | INFO     | __main__:main:64 - I just watched a viral video! It was shocking!
2025-01-19 19:50:18.321 | INFO     | __main__:main:64 - I just heard a viral video! It was hilarious!
2025-01-19 19:50:21.323 | INFO     | __main__:main:64 - I just experienced a podcast! It was shocking!
2025-01-19 19:50:24.325 | INFO     | __main__:main:64 - I just experienced a book! It was incredible!
2025-01-19 19:50:27.327 | INFO     | __main__:main:64 - I just discovered a podcast! It was incredible!
2025-01-19 19:50:30.329 | INFO     | __main__:main:64 - I just experienced a book! It was shocking!
2025-01-19 19:50:33.331 | INFO     | __main__:main:64 - I just discovered a book! It was shocking!
2025-01-19 19:50:36.333 | INFO     | __main__:main:64 - I just discovered a book! It was unexpected!
2025-01-19 19:50:39.335 | INFO     | __main__:main:64 - I just shared a new trend! It was fantastic!
2025-01-19 19:50:42.337 | INFO     | __main__:main:64 - I just watched a new trend! It was shocking!
2025-01-19 19:50:45.339 | INFO     | __main__:main:64 - I just watched a book! It was fantastic!
2025-01-19 19:50:48.341 | INFO     | __main__:main:64 - I just shared a book! It was incredible!
2025-01-19 19:50:51.343 | INFO     | __main__:main:64 - I just heard a viral video! It was unexpected!
2025-01-19 19:50:57.698 | INFO     | utils.utils_logger:<module>:38 - Logging to file: logs\project_log.log
2025-01-19 19:50:57.699 | INFO     | __main__:main:75 - START...
2025-01-19 19:50:57.699 | INFO     | __main__:main:81 - Reading file located at logs\project_log.log.
2025-01-19 19:51:39.924 | INFO     | utils.utils_logger:<module>:38 - Logging to file: logs\project_log.log
2025-01-19 19:51:39.924 | INFO     | __main__:main:57 - START producer...
2025-01-19 19:51:39.924 | INFO     | __main__:main:58 - Hit CTRL c (or CMD c) to close.
2025-01-19 19:51:39.924 | INFO     | __main__:get_message_interval:23 - Messages will be sent every 3 seconds.
2025-01-19 19:51:39.924 | INFO     | __main__:main:64 - I just shared a podcast! It was shocking!
2025-01-19 19:51:42.932 | INFO     | __main__:main:64 - I just experienced a podcast! It was incredible!
2025-01-19 19:51:45.933 | INFO     | __main__:main:64 - I just heard a viral video! It was hilarious!
2025-01-19 19:51:48.935 | INFO     | __main__:main:64 - I just discovered a challenge! It was hilarious!
2025-01-19 19:51:51.936 | INFO     | __main__:main:64 - I just watched a viral video! It was hilarious!
2025-01-19 19:51:54.938 | INFO     | __main__:main:64 - I just discovered a new trend! It was hilarious!
2025-01-19 19:51:57.940 | INFO     | __main__:main:64 - I just watched a viral video! It was fantastic!
2025-01-19 19:52:00.942 | INFO     | __main__:main:64 - I just shared a podcast! It was hilarious!
2025-01-19 19:52:03.944 | INFO     | __main__:main:64 - I just watched a challenge! It was incredible!
2025-01-19 19:52:06.946 | INFO     | __main__:main:64 - I just shared a challenge! It was fantastic!
2025-01-19 19:52:09.948 | INFO     | __main__:main:64 - I just heard a viral video! It was incredible!
2025-01-19 19:52:12.951 | INFO     | __main__:main:64 - I just shared a challenge! It was incredible!
2025-01-19 19:52:15.953 | INFO     | __main__:main:64 - I just experienced a podcast! It was unexpected!
2025-01-19 19:52:18.954 | INFO     | __main__:main:64 - I just shared a viral video! It was incredible!
2025-01-19 19:52:21.956 | INFO     | __main__:main:64 - I just discovered a challenge! It was unexpected!
2025-01-19 19:52:24.958 | INFO     | __main__:main:64 - I just watched a challenge! It was incredible!
2025-01-19 19:52:27.959 | INFO     | __main__:main:64 - I just watched a new trend! It was fantastic!
2025-01-19 19:52:30.962 | INFO     | __main__:main:64 - I just discovered a viral video! It was unexpected!
2025-01-19 19:52:33.964 | INFO     | __main__:main:64 - I just shared a book! It was hilarious!
2025-01-19 19:52:36.965 | INFO     | __main__:main:64 - I just experienced a challenge! It was hilarious!
2025-01-19 19:52:39.966 | INFO     | __main__:main:64 - I just experienced a book! It was shocking!
2025-01-19 19:52:42.445 | INFO     | utils.utils_logger:<module>:38 - Logging to file: logs\project_log.log
2025-01-19 19:52:42.445 | INFO     | __main__:main:75 - START...
2025-01-19 19:52:42.445 | INFO     | __main__:main:81 - Reading file located at logs\project_log.log.
2025-01-19 19:55:04.273 | INFO     | utils.utils_logger:<module>:38 - Logging to file: logs\project_log.log
2025-01-19 19:55:04.273 | INFO     | __main__:main:72 - START...
2025-01-19 19:55:04.273 | INFO     | __main__:main:78 - Reading file located at logs\project_log.log.
2025-01-19 19:55:27.429 | INFO     | __main__:main:89 - END.....
2025-01-19 19:55:27.919 | INFO     | __main__:<module>:38 - Logging to file: logs\project_log.log
2025-01-19 19:55:27.919 | INFO     | __main__:main:60 - STARTING utils_logger.py
2025-01-19 19:55:27.919 | INFO     | __main__:log_example:51 - This is an example info message.
2025-01-19 19:55:27.919 | WARNING  | __main__:log_example:52 - This is an example warning message.
2025-01-19 19:55:27.919 | ERROR    | __main__:log_example:53 - This is an example error message.
2025-01-19 19:55:27.919 | INFO     | __main__:main:65 - View the log output at logs\project_log.log
2025-01-19 19:55:27.922 | INFO     | __main__:main:66 - EXITING utils_logger.py.
